# JRE version: Java(TM) SE Runtime Environment (8.0_351-b10) (build 1.8.0_351-b10)
# Java VM: Java HotSpot(TM) 64-Bit Server VM (25.351-b10 mixed mode windows-amd64 compressed oops)
Heap:
 PSYoungGen      total 15360K, used 987K [0x00000000feb00000, 0x0000000100000000, 0x0000000100000000)
  eden space 9728K, 9% used [0x00000000feb00000,0x00000000febeed70,0x00000000ff480000)
  from space 5632K, 0% used [0x00000000ff480000,0x00000000ff488000,0x00000000ffa00000)
  to   space 5632K, 0% used [0x00000000ffa80000,0x00000000ffa80000,0x0000000100000000)
 ParOldGen       total 44032K, used 11394K [0x00000000fc000000, 0x00000000feb00000, 0x00000000feb00000)
  object space 44032K, 25% used [0x00000000fc000000,0x00000000fcb20868,0x00000000feb00000)
 Metaspace       used 13633K, capacity 13994K, committed 14208K, reserved 1060864K
  class space    used 1753K, capacity 1863K, committed 1920K, reserved 1048576K
GC Heap History (10 events):
Event: 8.711 GC heap before
{Heap before GC invocations=11 (full 0):
 PSYoungGen      total 15360K, used 10752K [0x00000000feb00000, 0x0000000100000000, 0x0000000100000000)
  eden space 9216K, 100% used [0x00000000feb00000,0x00000000ff400000,0x00000000ff400000)
  from space 6144K, 25% used [0x00000000ffa00000,0x00000000ffb80000,0x0000000100000000)
  to   space 6144K, 0% used [0x00000000ff400000,0x00000000ff400000,0x00000000ffa00000)
 ParOldGen       total 44032K, used 8518K [0x00000000fc000000, 0x00000000feb00000, 0x00000000feb00000)
  object space 44032K, 19% used [0x00000000fc000000,0x00000000fc851988,0x00000000feb00000)
 Metaspace       used 13370K, capacity 13748K, committed 13952K, reserved 1060864K
  class space    used 1729K, capacity 1854K, committed 1920K, reserved 1048576K
Event: 8.711 GC heap after
Heap after GC invocations=11 (full 0):
 PSYoungGen      total 15360K, used 96K [0x00000000feb00000, 0x0000000100000000, 0x0000000100000000)
  eden space 9216K, 0% used [0x00000000feb00000,0x00000000feb00000,0x00000000ff400000)
  from space 6144K, 1% used [0x00000000ff400000,0x00000000ff418000,0x00000000ffa00000)
  to   space 6144K, 0% used [0x00000000ffa00000,0x00000000ffa00000,0x0000000100000000)
 ParOldGen       total 44032K, used 10017K [0x00000000fc000000, 0x00000000feb00000, 0x00000000feb00000)
  object space 44032K, 22% used [0x00000000fc000000,0x00000000fc9c84f8,0x00000000feb00000)
 Metaspace       used 13370K, capacity 13748K, committed 13952K, reserved 1060864K
  class space    used 1729K, capacity 1854K, committed 1920K, reserved 1048576K
}
Event: 8.867 GC heap before
{Heap before GC invocations=12 (full 0):
 PSYoungGen      total 15360K, used 9312K [0x00000000feb00000, 0x0000000100000000, 0x0000000100000000)
  eden space 9216K, 100% used [0x00000000feb00000,0x00000000ff400000,0x00000000ff400000)
  from space 6144K, 1% used [0x00000000ff400000,0x00000000ff418000,0x00000000ffa00000)
  to   space 6144K, 0% used [0x00000000ffa00000,0x00000000ffa00000,0x0000000100000000)
 ParOldGen       total 44032K, used 10017K [0x00000000fc000000, 0x00000000feb00000, 0x00000000feb00000)
  object space 44032K, 22% used [0x00000000fc000000,0x00000000fc9c84f8,0x00000000feb00000)
 Metaspace       used 13372K, capacity 13748K, committed 13952K, reserved 1060864K
  class space    used 1729K, capacity 1854K, committed 1920K, reserved 1048576K
Event: 8.868 GC heap after
Heap after GC invocations=12 (full 0):
 PSYoungGen      total 15360K, used 1344K [0x00000000feb00000, 0x0000000100000000, 0x0000000100000000)
  eden space 9216K, 0% used [0x00000000feb00000,0x00000000feb00000,0x00000000ff400000)
  from space 6144K, 21% used [0x00000000ffa00000,0x00000000ffb50000,0x0000000100000000)
  to   space 6144K, 0% used [0x00000000ff400000,0x00000000ff400000,0x00000000ffa00000)
 ParOldGen       total 44032K, used 10028K [0x00000000fc000000, 0x00000000feb00000, 0x00000000feb00000)
  object space 44032K, 22% used [0x00000000fc000000,0x00000000fc9cb068,0x00000000feb00000)
 Metaspace       used 13372K, capacity 13748K, committed 13952K, reserved 1060864K
  class space    used 1729K, capacity 1854K, committed 1920K, reserved 1048576K
}
Event: 9.061 GC heap before
{Heap before GC invocations=13 (full 0):
 PSYoungGen      total 15360K, used 10560K [0x00000000feb00000, 0x0000000100000000, 0x0000000100000000)
  eden space 9216K, 100% used [0x00000000feb00000,0x00000000ff400000,0x00000000ff400000)
  from space 6144K, 21% used [0x00000000ffa00000,0x00000000ffb50000,0x0000000100000000)
  to   space 6144K, 0% used [0x00000000ff400000,0x00000000ff400000,0x00000000ffa00000)
 ParOldGen       total 44032K, used 10028K [0x00000000fc000000, 0x00000000feb00000, 0x00000000feb00000)
  object space 44032K, 22% used [0x00000000fc000000,0x00000000fc9cb068,0x00000000feb00000)
 Metaspace       used 13373K, capacity 13748K, committed 13952K, reserved 1060864K
  class space    used 1729K, capacity 1854K, committed 1920K, reserved 1048576K
Event: 9.062 GC heap after
Heap after GC invocations=13 (full 0):
 PSYoungGen      total 15360K, used 160K [0x00000000feb00000, 0x0000000100000000, 0x0000000100000000)
  eden space 9216K, 0% used [0x00000000feb00000,0x00000000feb00000,0x00000000ff400000)
  from space 6144K, 2% used [0x00000000ff400000,0x00000000ff428000,0x00000000ffa00000)
  to   space 6144K, 0% used [0x00000000ffa00000,0x00000000ffa00000,0x0000000100000000)
 ParOldGen       total 44032K, used 11324K [0x00000000fc000000, 0x00000000feb00000, 0x00000000feb00000)
  object space 44032K, 25% used [0x00000000fc000000,0x00000000fcb0f068,0x00000000feb00000)
 Metaspace       used 13373K, capacity 13748K, committed 13952K, reserved 1060864K
  class space    used 1729K, capacity 1854K, committed 1920K, reserved 1048576K
}
Event: 9.237 GC heap before
{Heap before GC invocations=14 (full 0):
 PSYoungGen      total 15360K, used 9376K [0x00000000feb00000, 0x0000000100000000, 0x0000000100000000)
  eden space 9216K, 100% used [0x00000000feb00000,0x00000000ff400000,0x00000000ff400000)
  from space 6144K, 2% used [0x00000000ff400000,0x00000000ff428000,0x00000000ffa00000)
  to   space 6144K, 0% used [0x00000000ffa00000,0x00000000ffa00000,0x0000000100000000)
 ParOldGen       total 44032K, used 11324K [0x00000000fc000000, 0x00000000feb00000, 0x00000000feb00000)
  object space 44032K, 25% used [0x00000000fc000000,0x00000000fcb0f068,0x00000000feb00000)
 Metaspace       used 13378K, capacity 13748K, committed 13952K, reserved 1060864K
  class space    used 1730K, capacity 1854K, committed 1920K, reserved 1048576K
Event: 9.238 GC heap after
Heap after GC invocations=14 (full 0):
 PSYoungGen      total 15872K, used 684K [0x00000000feb00000, 0x0000000100000000, 0x0000000100000000)
  eden space 9728K, 0% used [0x00000000feb00000,0x00000000feb00000,0x00000000ff480000)
  from space 6144K, 11% used [0x00000000ffa00000,0x00000000ffaab000,0x0000000100000000)
  to   space 5632K, 0% used [0x00000000ff480000,0x00000000ff480000,0x00000000ffa00000)
 ParOldGen       total 44032K, used 11348K [0x00000000fc000000, 0x00000000feb00000, 0x00000000feb00000)
  object space 44032K, 25% used [0x00000000fc000000,0x00000000fcb15068,0x00000000feb00000)
 Metaspace       used 13378K, capacity 13748K, committed 13952K, reserved 1060864K
  class space    used 1730K, capacity 1854K, committed 1920K, reserved 1048576K
}
Event: 26.944 GC heap before
{Heap before GC invocations=15 (full 0):
 PSYoungGen      total 15872K, used 10412K [0x00000000feb00000, 0x0000000100000000, 0x0000000100000000)
  eden space 9728K, 100% used [0x00000000feb00000,0x00000000ff480000,0x00000000ff480000)
  from space 6144K, 11% used [0x00000000ffa00000,0x00000000ffaab000,0x0000000100000000)
  to   space 5632K, 0% used [0x00000000ff480000,0x00000000ff480000,0x00000000ffa00000)
 ParOldGen       total 44032K, used 11348K [0x00000000fc000000, 0x00000000feb00000, 0x00000000feb00000)
  object space 44032K, 25% used [0x00000000fc000000,0x00000000fcb15068,0x00000000feb00000)
 Metaspace       used 13456K, capacity 13748K, committed 13952K, reserved 1060864K
  class space    used 1730K, capacity 1854K, committed 1920K, reserved 1048576K
Event: 26.947 GC heap after
Heap after GC invocations=15 (full 0):
 PSYoungGen      total 15360K, used 32K [0x00000000feb00000, 0x0000000100000000, 0x0000000100000000)
  eden space 9728K, 0% used [0x00000000feb00000,0x00000000feb00000,0x00000000ff480000)
  from space 5632K, 0% used [0x00000000ff480000,0x00000000ff488000,0x00000000ffa00000)
  to   space 5632K, 0% used [0x00000000ffa80000,0x00000000ffa80000,0x0000000100000000)
 ParOldGen       total 44032K, used 11394K [0x00000000fc000000, 0x00000000feb00000, 0x00000000feb00000)
  object space 44032K, 25% used [0x00000000fc000000,0x00000000fcb20868,0x00000000feb00000)
 Metaspace       used 13456K, capacity 13748K, committed 13952K, reserved 1060864K
  class space    used 1730K, capacity 1854K, committed 1920K, reserved 1048576K
}

